<?xml version="1.0" encoding="UTF-8"?>
<!-- Generated by org.testng.reporters.JUnitReportReporter -->
<testsuite name="TestNGAnnotationsFull.TestNG_Grouping" tests="5" time="0.046" ignored="0" failures="0" timestamp="12 Mar 2021 08:06:09 GMT" skipped="0" hostname="DESKTOP-9U807NB" errors="0">
  <testcase name="testMethod3" time="0.011" classname="TestNGAnnotationsFull.TestNG_Grouping"/>
  <testcase name="testMethod1" time="0.018" classname="TestNGAnnotationsFull.TestNG_Grouping"/>
  <testcase name="testMethod4" time="0.006" classname="TestNGAnnotationsFull.TestNG_Grouping"/>
  <testcase name="testMethod5" time="0.004" classname="TestNGAnnotationsFull.TestNG_Grouping"/>
  <testcase name="testMethod2" time="0.007" classname="TestNGAnnotationsFull.TestNG_Grouping"/>
</testsuite> <!-- TestNGAnnotationsFull.TestNG_Grouping -->
