<?xml version="1.0" encoding="UTF-8"?>
<!-- Generated by org.testng.reporters.JUnitReportReporter -->
<testsuite name="TestNGAnnotationsFull.TestNG_DataProviders" tests="2" time="0.042" ignored="0" failures="0" timestamp="15 Mar 2021 10:50:02 GMT" skipped="0" hostname="DESKTOP-9U807NB" errors="0">
  <testcase name="testMethod" time="0.005" classname="TestNGAnnotationsFull.TestNG_DataProviders"/>
  <testcase name="testMethod" time="0.037" classname="TestNGAnnotationsFull.TestNG_DataProviders"/>
</testsuite> <!-- TestNGAnnotationsFull.TestNG_DataProviders -->
