<?xml version="1.0" encoding="UTF-8"?>
<!-- Generated by org.testng.reporters.JUnitReportReporter -->
<testsuite name="TestNGAnnotationsFull.TestNGClass1" tests="2" time="0.180" ignored="0" failures="0" timestamp="15 Mar 2021 09:39:25 GMT" skipped="0" hostname="DESKTOP-9U807NB" errors="0">
  <testcase name="testMethod2" time="0.089" classname="TestNGAnnotationsFull.TestNGClass1"/>
  <testcase name="testMethod1" time="0.091" classname="TestNGAnnotationsFull.TestNGClass1"/>
</testsuite> <!-- TestNGAnnotationsFull.TestNGClass1 -->
