<?xml version="1.0" encoding="UTF-8"?>
<!-- Generated by org.testng.reporters.JUnitReportReporter -->
<testsuite name="TestNGAnnotationsFull.TestNG_TestParameters" tests="1" time="0.022" ignored="0" failures="0" timestamp="15 Mar 2021 07:19:14 GMT" skipped="0" hostname="DESKTOP-9U807NB" errors="0">
  <testcase name="testmethod" time="0.022" classname="TestNGAnnotationsFull.TestNG_TestParameters"/>
</testsuite> <!-- TestNGAnnotationsFull.TestNG_TestParameters -->
