<?xml version="1.0" encoding="UTF-8"?>
<!-- Generated by org.testng.reporters.JUnitReportReporter -->
<testsuite name="TestNGAnnotationsFull.TestNGClass2" tests="2" time="0.017" ignored="0" failures="0" timestamp="15 Mar 2021 09:39:25 GMT" skipped="0" hostname="DESKTOP-9U807NB" errors="0">
  <testcase name="testMethod1" time="0.006" classname="TestNGAnnotationsFull.TestNGClass2"/>
  <testcase name="testMethod2" time="0.011" classname="TestNGAnnotationsFull.TestNGClass2"/>
</testsuite> <!-- TestNGAnnotationsFull.TestNGClass2 -->
