<?xml version="1.0" encoding="UTF-8"?>
<!-- Generated by org.testng.reporters.JUnitReportReporter -->
<testsuite name="com.TestNGproject.AnnotationsDemo" tests="2" time="0.030" ignored="0" failures="0" timestamp="11 Mar 2021 07:08:10 GMT" skipped="0" hostname="DESKTOP-9U807NB" errors="0">
  <testcase name="testMethod1" time="0.019" classname="com.TestNGproject.AnnotationsDemo"/>
  <testcase name="testMethod2" time="0.011" classname="com.TestNGproject.AnnotationsDemo"/>
</testsuite> <!-- com.TestNGproject.AnnotationsDemo -->
