<?xml version="1.0" encoding="UTF-8"?>
<!-- Generated by org.testng.reporters.JUnitReportReporter -->
<testsuite name="TestNGAnnotationsFull.TestNG_Grouping" tests="5" time="0.063" ignored="0" failures="0" timestamp="18 Mar 2021 05:56:14 GMT" skipped="0" hostname="DESKTOP-9U807NB" errors="0">
  <testcase name="testMethod5" time="0.036" classname="TestNGAnnotationsFull.TestNG_Grouping"/>
  <testcase name="testMethod1" time="0.023" classname="TestNGAnnotationsFull.TestNG_Grouping"/>
  <testcase name="testMethod2" time="0.002" classname="TestNGAnnotationsFull.TestNG_Grouping"/>
  <testcase name="testMethod3" time="0.001" classname="TestNGAnnotationsFull.TestNG_Grouping"/>
  <testcase name="testMethod4" time="0.001" classname="TestNGAnnotationsFull.TestNG_Grouping"/>
</testsuite> <!-- TestNGAnnotationsFull.TestNG_Grouping -->
