<?xml version="1.0" encoding="UTF-8"?>
<!-- Generated by org.testng.reporters.JUnitReportReporter -->
<testsuite name="TestNGAnnotationsFull.TestNGClass1" tests="2" time="0.016" ignored="0" failures="0" timestamp="18 Mar 2021 03:33:15 GMT" skipped="0" hostname="DESKTOP-9U807NB" errors="0">
  <testcase name="testMethod1" time="0.012" classname="TestNGAnnotationsFull.TestNGClass1"/>
  <testcase name="testMethod2" time="0.004" classname="TestNGAnnotationsFull.TestNGClass1"/>
</testsuite> <!-- TestNGAnnotationsFull.TestNGClass1 -->
